<html>
<body>
<pre>
<h1>Vision Build Log</h1>
<h2>Tool Versions:</h2>
IDE-Version: μVision V5.20.0.0
Copyright (C) 2016 ARM Ltd and ARM Germany GmbH. All rights reserved.
License Information: CYH CYH, xxxxx, LIC=3UUKP-MS4LJ-WJT6K-ZXQAH-7XGR7-3FURT
 
Tool Versions:
Toolchain:       MDK-ARM Professional  Version: 5.20
Toolchain Path:  D:\stm32\keli\ARM\ARMCC\Bin
C Compiler:      Armcc.exe V5.06 update 2 (build 183)
Assembler:       Armasm.exe V5.06 update 2 (build 183)
Linker/Locator:  ArmLink.exe V5.06 update 2 (build 183)
Library Manager: ArmAr.exe V5.06 update 2 (build 183)
Hex Converter:   FromElf.exe V5.06 update 2 (build 183)
CPU DLL:         SARMCM3.DLL V5.20
Dialog DLL:      DCM.DLL V1.13.7.0
Target DLL:      STLink\ST-LINKIII-KEIL_SWO.dll V2.0.18.0
Dialog DLL:      TCM.DLL V1.14.9.0
 
<h2>Project:</h2>
D:\stm32\templateREG\stm32f103\USART11\Tem.uvprojx
Project File Date:  01/18/2021

<h2>Output:</h2>
*** Using Compiler 'V5.06 update 2 (build 183)', folder: 'D:\stm32\keli\ARM\ARMCC\Bin'
Rebuild target 'Template'
assembling startup_stm32f10x_md.s...
compiling core_cm3.c...
compiling misc.c...
compiling stm32f10x_adc.c...
compiling stm32f10x_it.c...
compiling main.c...
USER\main.c(25): warning:  #223-D: function "Delay_init" declared implicitly
  	Delay_init();	    	 //??时函??始化	  
USER\main.c(27): warning:  #223-D: function "uart_init" declared implicitly
  	uart_init(115200);	 //串?诔?始化为115200
USER\main.c(32): error:  #20: identifier "USART_RX_STA" is undefined
  		if(USART_RX_STA&0x8000)
USER\main.c(35): warning:  #223-D: function "printf" declared implicitly
  			printf("\r\n???偷???息为:\r\n\r\n");
USER\main.c(38): error:  #20: identifier "USART_RX_BUF" is undefined
  				USART_SendData(
SART1, USART_RX_BUF[t]);//?虼?1发????
USER\main.c(48): warning:  #223-D: function "printf" declared implicitly
  				printf("\r\n战舰STM32开发?? 串??实??\r\n");
USER\main.c(51): warning:  #223-D: function "printf" declared implicitly
  			if(times%200==0)printf("????????,?曰爻导???\n");  
USER\main.c(52): error:  #20: identifier "LED0" is undefined
  			if(times%30==0)LED0=!LED0;//??烁LED,??示系统????????.
USER\main.c(53): warning:  #223-D: function "delay_ms" declared implicitly
  			delay_ms(10);   
USER\main.c: 6 warnings, 3 errors
compiling system_stm32f10x.c...
compiling stm32f10x_bkp.c...
compiling stm32f10x_can.c...
compiling stm32f10x_cec.c...
compiling stm32f10x_crc.c...
compiling stm32f10x_dac.c...
compiling stm32f10x_dbgmcu.c...
compiling stm32f10x_dma.c...
compiling stm32f10x_exti.c...
compiling stm32f10x_flash.c...
compiling stm32f10x_fsmc.c...
compiling stm32f10x_gpio.c...
compiling stm32f10x_iwdg.c...
compiling stm32f10x_i2c.c...
compiling stm32f10x_pwr.c...
compiling stm32f10x_rcc.c...
compiling stm32f10x_rtc.c...
compiling stm32f10x_sdio.c...
compiling stm32f10x_wwdg.c...
compiling delay.c...
compiling stm32f10x_spi.c...
compiling stm32f10x_usart.c...
compiling stm32f10x_tim.c...
compiling led.c...
compiling tim.c...
compiling usart.c...
compiling stm32f10x_usart.c...
".\OBJ\Tem.axf" - 3 Error(s), 6 Warning(s).

<h2>Software Packages used:</h2>

Package Vendor: Keil
                http://www.keil.com/pack/Keil.STM32F1xx_DFP.2.3.0.pack
                Keil::Device:StdPeriph Drivers:USART:3.5.0
                STMicroelectronics STM32F1 Series Device Support, Drivers and Examples
   * Component: USART Version: 3.5.0

<h2>Collection of Component include folders:</h2>
  D:\stm32\templateREG\stm32f103\USART11\RTE
  D:\stm32\pack\Keil\STM32F1xx_DFP\2.3.0\Device\Include
  D:\stm32\pack\Keil\STM32F1xx_DFP\2.3.0\Device\StdPeriph_Driver\inc

<h2>Collection of Component Files used:</h2>

   * Component: Keil::Device:StdPeriph Drivers:USART:3.5.0
      Include file:  Device\StdPeriph_Driver\inc\stm32f10x_usart.h
      Source file:   Device\StdPeriph_Driver\src\stm32f10x_usart.c
Target not created.
Build Time Elapsed:  00:00:06
</pre>
</body>
</html>
